<?xml version="1.0" encoding="UTF-8"?>
<testng-results ignored="0" total="1" passed="1" failed="0" skipped="0">
  <reporter-output>
  </reporter-output>
  <suite started-at="2025-11-05T22:22:43 GMT+03:00" name="Default suite" finished-at="2025-11-05T22:23:01 GMT+03:00" duration-ms="17758">
    <groups>
    </groups>
    <test started-at="2025-11-05T22:22:43 GMT+03:00" name="Default test" finished-at="2025-11-05T22:23:01 GMT+03:00" duration-ms="17758">
      <class name="tests.TestElementsPage">
        <test-method is-config="true" signature="setUp()[pri:0, instance:tests.TestElementsPage@3b0090a4]" started-at="2025-11-05T22:22:43 GMT+03:00" name="setUp" finished-at="2025-11-05T22:22:53 GMT+03:00" duration-ms="9889" status="PASS">
          <reporter-output>
          </reporter-output>
        </test-method> <!-- setUp -->
        <test-method signature="checkboxTest()[pri:0, instance:tests.TestElementsPage@3b0090a4]" started-at="2025-11-05T22:22:53 GMT+03:00" name="checkboxTest" finished-at="2025-11-05T22:22:58 GMT+03:00" duration-ms="5246" status="PASS">
          <reporter-output>
          </reporter-output>
        </test-method> <!-- checkboxTest -->
        <test-method is-config="true" signature="tearDown()[pri:0, instance:tests.TestElementsPage@3b0090a4]" started-at="2025-11-05T22:22:58 GMT+03:00" name="tearDown" finished-at="2025-11-05T22:23:01 GMT+03:00" duration-ms="2545" status="PASS">
          <reporter-output>
          </reporter-output>
        </test-method> <!-- tearDown -->
      </class> <!-- tests.TestElementsPage -->
    </test> <!-- Default test -->
  </suite> <!-- Default suite -->
</testng-results>
